Build started 29. 2. 2016 10:48:17.
     1>Project "C:\Users\Kubo\Downloads\mbedtls-2.2.1-apache\mbedtls-2.2.1\visualc\VS2010\mbedTLS.vcxproj" on node 2 (Build target(s)).
     1>ClCompile:
         C:\Program Files (x86)\Microsoft Visual Studio 14.0\VC\bin\CL.exe /c /I../../include /ZI /nologo /W3 /WX- /Od /Oy- /D WIN32 /D _DEBUG /D _WINDOWS /D _USRDLL /D MBEDTLS_EXPORTS /D _UNICODE /D UNICODE /Gm /EHsc /RTC1 /MDd /GS /fp:precise /Zc:wchar_t /Zc:forScope /Zc:inline /Fo"Debug\\" /Fd"Debug\mbedTLS.pdb" /Gd /TC /analyze- /errorReport:prompt ..\..\library\aes.c ..\..\library\aesni.c ..\..\library\arc4.c ..\..\library\asn1parse.c ..\..\library\asn1write.c ..\..\library\base64.c ..\..\library\bignum.c ..\..\library\blowfish.c ..\..\library\camellia.c ..\..\library\ccm.c ..\..\library\certs.c ..\..\library\cipher.c ..\..\library\cipher_wrap.c ..\..\library\ctr_drbg.c ..\..\library\debug.c ..\..\library\des.c ..\..\library\dhm.c ..\..\library\ecdh.c ..\..\library\ecdsa.c ..\..\library\ecjpake.c ..\..\library\ecp.c ..\..\library\ecp_curves.c ..\..\library\entropy.c ..\..\library\entropy_poll.c ..\..\library\error.c ..\..\library\gcm.c ..\..\library\havege.c ..\..\library\hmac_drbg.c ..\..\library\md.c ..\..\library\md2.c ..\..\library\md4.c ..\..\library\md5.c ..\..\library\md_wrap.c ..\..\library\memory_buffer_alloc.c ..\..\library\net.c ..\..\library\oid.c ..\..\library\padlock.c ..\..\library\pem.c ..\..\library\pk.c ..\..\library\pk_wrap.c ..\..\library\pkcs11.c ..\..\library\pkcs12.c ..\..\library\pkcs5.c ..\..\library\pkparse.c ..\..\library\pkwrite.c ..\..\library\platform.c ..\..\library\ripemd160.c ..\..\library\rsa.c ..\..\library\sha1.c ..\..\library\sha256.c ..\..\library\sha512.c ..\..\library\ssl_cache.c ..\..\library\ssl_ciphersuites.c ..\..\library\ssl_cli.c ..\..\library\ssl_cookie.c ..\..\library\ssl_srv.c ..\..\library\ssl_ticket.c ..\..\library\ssl_tls.c ..\..\library\threading.c ..\..\library\timing.c ..\..\library\version.c ..\..\library\version_features.c ..\..\library\x509.c ..\..\library\x509_create.c ..\..\library\x509_crl.c ..\..\library\x509_crt.c ..\..\library\x509_csr.c ..\..\library\x509write_crt.c ..\..\library\x509write_csr.c ..\..\library\xtea.c
         xtea.c
         x509write_csr.c
         x509write_crt.c
         x509_csr.c
         x509_crt.c
         x509_crl.c
         x509_create.c
         x509.c
         version_features.c
         version.c
         timing.c
         threading.c
         ssl_tls.c
         ssl_ticket.c
         ssl_srv.c
         ssl_cookie.c
         ssl_cli.c
         ssl_ciphersuites.c
         ssl_cache.c
         sha512.c
         Generating Code...
         Compiling...
         sha256.c
         sha1.c
         rsa.c
         ripemd160.c
         platform.c
         pkwrite.c
         pkparse.c
         pkcs5.c
         pkcs12.c
         pkcs11.c
         pk_wrap.c
         pk.c
         pem.c
         padlock.c
         oid.c
         net.c
         memory_buffer_alloc.c
         md_wrap.c
         md5.c
         md4.c
         Generating Code...
         Compiling...
         md2.c
         md.c
         hmac_drbg.c
         havege.c
         gcm.c
         error.c
         entropy_poll.c
         entropy.c
         ecp_curves.c
         ecp.c
         ecjpake.c
         ecdsa.c
         ecdh.c
         dhm.c
         des.c
         debug.c
         ctr_drbg.c
         cipher_wrap.c
         cipher.c
         certs.c
         Generating Code...
         Compiling...
         ccm.c
         camellia.c
         blowfish.c
         bignum.c
         base64.c
         asn1write.c
         asn1parse.c
         arc4.c
         aesni.c
         aes.c
         Generating Code...
       Lib:
         C:\Program Files (x86)\Microsoft Visual Studio 14.0\VC\bin\Lib.exe /OUT:"C:\Users\Kubo\Downloads\mbedtls-2.2.1-apache\mbedtls-2.2.1\visualc\VS2010\Debug\mbedTLS.lib" /NOLOGO Debug\aes.obj
         Debug\aesni.obj
         Debug\arc4.obj
         Debug\asn1parse.obj
         Debug\asn1write.obj
         Debug\base64.obj
         Debug\bignum.obj
         Debug\blowfish.obj
         Debug\camellia.obj
         Debug\ccm.obj
         Debug\certs.obj
         Debug\cipher.obj
         Debug\cipher_wrap.obj
         Debug\ctr_drbg.obj
         Debug\debug.obj
         Debug\des.obj
         Debug\dhm.obj
         Debug\ecdh.obj
         Debug\ecdsa.obj
         Debug\ecjpake.obj
         Debug\ecp.obj
         Debug\ecp_curves.obj
         Debug\entropy.obj
         Debug\entropy_poll.obj
         Debug\error.obj
         Debug\gcm.obj
         Debug\havege.obj
         Debug\hmac_drbg.obj
         Debug\md.obj
         Debug\md2.obj
         Debug\md4.obj
         Debug\md5.obj
         Debug\md_wrap.obj
         Debug\memory_buffer_alloc.obj
         Debug\net.obj
         Debug\oid.obj
         Debug\padlock.obj
         Debug\pem.obj
         Debug\pk.obj
         Debug\pk_wrap.obj
         Debug\pkcs11.obj
         Debug\pkcs12.obj
         Debug\pkcs5.obj
         Debug\pkparse.obj
         Debug\pkwrite.obj
         Debug\platform.obj
         Debug\ripemd160.obj
         Debug\rsa.obj
         Debug\sha1.obj
         Debug\sha256.obj
         Debug\sha512.obj
         Debug\ssl_cache.obj
         Debug\ssl_ciphersuites.obj
         Debug\ssl_cli.obj
         Debug\ssl_cookie.obj
         Debug\ssl_srv.obj
         Debug\ssl_ticket.obj
         Debug\ssl_tls.obj
         Debug\threading.obj
         Debug\timing.obj
         Debug\version.obj
         Debug\version_features.obj
         Debug\x509.obj
         Debug\x509_create.obj
         Debug\x509_crl.obj
         Debug\x509_crt.obj
         Debug\x509_csr.obj
         Debug\x509write_crt.obj
         Debug\x509write_csr.obj
         Debug\xtea.obj
         mbedTLS.vcxproj -> C:\Users\Kubo\Downloads\mbedtls-2.2.1-apache\mbedtls-2.2.1\visualc\VS2010\Debug\mbedTLS.lib
     1>Done Building Project "C:\Users\Kubo\Downloads\mbedtls-2.2.1-apache\mbedtls-2.2.1\visualc\VS2010\mbedTLS.vcxproj" (Build target(s)).

Build succeeded.

Time Elapsed 00:00:32.16
